<?xml version="1.0" encoding="UTF-8"?>
<testng-results skipped="0" failed="0" total="1" passed="1">
  <reporter-output>
  </reporter-output>
  <suite name="Default suite" duration-ms="1022" started-at="2019-08-07T09:21:20Z" finished-at="2019-08-07T09:21:21Z">
    <groups>
      <group name="cucumber">
        <method signature="AbstractTestNGCucumberTests.feature(cucumber.api.testng.CucumberFeatureWrapper)[pri:0, instance:Cucumber.RunnerClass@d8355a8]" name="feature" class="cucumber.api.testng.AbstractTestNGCucumberTests"/>
      </group> <!-- cucumber -->
    </groups>
    <test name="Default test" duration-ms="1022" started-at="2019-08-07T09:21:20Z" finished-at="2019-08-07T09:21:21Z">
      <class name="Cucumber.RunnerClass">
        <test-method status="PASS" signature="setUpClass()[pri:0, instance:Cucumber.RunnerClass@d8355a8]" name="setUpClass" is-config="true" duration-ms="604" started-at="2019-08-07T14:51:20Z" finished-at="2019-08-07T14:51:21Z">
          <reporter-output>
          </reporter-output>
        </test-method> <!-- setUpClass -->
        <test-method status="PASS" signature="feature(cucumber.api.testng.CucumberFeatureWrapper)[pri:0, instance:Cucumber.RunnerClass@d8355a8]" name="feature" duration-ms="237" started-at="2019-08-07T14:51:21Z" description="Runs Cucumber Feature" data-provider="features" finished-at="2019-08-07T14:51:21Z">
          <params>
            <param index="0">
              <value>
                <![CDATA[Title of your feature]]>
              </value>
            </param>
          </params>
          <reporter-output>
          </reporter-output>
        </test-method> <!-- feature -->
        <test-method status="PASS" signature="tearDownClass()[pri:0, instance:Cucumber.RunnerClass@d8355a8]" name="tearDownClass" is-config="true" duration-ms="13" started-at="2019-08-07T14:51:21Z" finished-at="2019-08-07T14:51:21Z">
          <reporter-output>
          </reporter-output>
        </test-method> <!-- tearDownClass -->
      </class> <!-- Cucumber.RunnerClass -->
    </test> <!-- Default test -->
  </suite> <!-- Default suite -->
</testng-results>
